2011-08-21 04:55:00 Notice: Notice (1024): Please change the value of 'Security.salt' in app/config/core.php to a salt value specific to your application in [/var/www/cake/libs/debugger.php, line 694]
2011-08-21 04:55:00 Notice: Notice (1024): Please change the value of 'Security.cipherSeed' in app/config/core.php to a numeric (digits only) seed value specific to your application in [/var/www/cake/libs/debugger.php, line 698]
2011-08-21 04:55:02 Notice: Notice (1024): Please change the value of 'Security.salt' in app/config/core.php to a salt value specific to your application in [/var/www/cake/libs/debugger.php, line 694]
2011-08-21 04:55:02 Notice: Notice (1024): Please change the value of 'Security.cipherSeed' in app/config/core.php to a numeric (digits only) seed value specific to your application in [/var/www/cake/libs/debugger.php, line 698]
2011-08-21 05:06:56 Notice: Notice (1024): Please change the value of 'Security.salt' in app/config/core.php to a salt value specific to your application in [/var/www/cake/libs/debugger.php, line 694]
2011-08-21 05:06:56 Notice: Notice (1024): Please change the value of 'Security.cipherSeed' in app/config/core.php to a numeric (digits only) seed value specific to your application in [/var/www/cake/libs/debugger.php, line 698]
2011-08-21 05:06:57 Notice: Notice (1024): Please change the value of 'Security.salt' in app/config/core.php to a salt value specific to your application in [/var/www/cake/libs/debugger.php, line 694]
2011-08-21 05:06:57 Notice: Notice (1024): Please change the value of 'Security.cipherSeed' in app/config/core.php to a numeric (digits only) seed value specific to your application in [/var/www/cake/libs/debugger.php, line 698]
2011-08-21 05:06:58 Notice: Notice (1024): Please change the value of 'Security.salt' in app/config/core.php to a salt value specific to your application in [/var/www/cake/libs/debugger.php, line 694]
2011-08-21 05:06:58 Notice: Notice (1024): Please change the value of 'Security.cipherSeed' in app/config/core.php to a numeric (digits only) seed value specific to your application in [/var/www/cake/libs/debugger.php, line 698]
2011-08-21 05:06:59 Notice: Notice (1024): Please change the value of 'Security.salt' in app/config/core.php to a salt value specific to your application in [/var/www/cake/libs/debugger.php, line 694]
2011-08-21 05:06:59 Notice: Notice (1024): Please change the value of 'Security.cipherSeed' in app/config/core.php to a numeric (digits only) seed value specific to your application in [/var/www/cake/libs/debugger.php, line 698]
2011-08-21 05:06:59 Notice: Notice (1024): Please change the value of 'Security.salt' in app/config/core.php to a salt value specific to your application in [/var/www/cake/libs/debugger.php, line 694]
2011-08-21 05:06:59 Notice: Notice (1024): Please change the value of 'Security.cipherSeed' in app/config/core.php to a numeric (digits only) seed value specific to your application in [/var/www/cake/libs/debugger.php, line 698]
2011-08-21 05:06:59 Notice: Notice (1024): Please change the value of 'Security.salt' in app/config/core.php to a salt value specific to your application in [/var/www/cake/libs/debugger.php, line 694]
2011-08-21 05:06:59 Notice: Notice (1024): Please change the value of 'Security.cipherSeed' in app/config/core.php to a numeric (digits only) seed value specific to your application in [/var/www/cake/libs/debugger.php, line 698]
2011-08-21 05:07:00 Notice: Notice (1024): Please change the value of 'Security.salt' in app/config/core.php to a salt value specific to your application in [/var/www/cake/libs/debugger.php, line 694]
2011-08-21 05:07:00 Notice: Notice (1024): Please change the value of 'Security.cipherSeed' in app/config/core.php to a numeric (digits only) seed value specific to your application in [/var/www/cake/libs/debugger.php, line 698]
2011-08-21 05:07:00 Notice: Notice (1024): Please change the value of 'Security.salt' in app/config/core.php to a salt value specific to your application in [/var/www/cake/libs/debugger.php, line 694]
2011-08-21 05:07:00 Notice: Notice (1024): Please change the value of 'Security.cipherSeed' in app/config/core.php to a numeric (digits only) seed value specific to your application in [/var/www/cake/libs/debugger.php, line 698]
2011-08-21 05:07:00 Notice: Notice (1024): Please change the value of 'Security.salt' in app/config/core.php to a salt value specific to your application in [/var/www/cake/libs/debugger.php, line 694]
2011-08-21 05:07:00 Notice: Notice (1024): Please change the value of 'Security.cipherSeed' in app/config/core.php to a numeric (digits only) seed value specific to your application in [/var/www/cake/libs/debugger.php, line 698]
2011-08-21 05:08:47 Notice: Notice (1024): Please change the value of 'Security.salt' in app/config/core.php to a salt value specific to your application in [/var/www/cake/libs/debugger.php, line 694]
2011-08-21 05:08:47 Notice: Notice (1024): Please change the value of 'Security.cipherSeed' in app/config/core.php to a numeric (digits only) seed value specific to your application in [/var/www/cake/libs/debugger.php, line 698]
2011-08-21 05:08:51 Notice: Notice (1024): Please change the value of 'Security.salt' in app/config/core.php to a salt value specific to your application in [/var/www/cake/libs/debugger.php, line 694]
2011-08-21 05:08:51 Notice: Notice (1024): Please change the value of 'Security.cipherSeed' in app/config/core.php to a numeric (digits only) seed value specific to your application in [/var/www/cake/libs/debugger.php, line 698]
2011-08-21 05:08:52 Notice: Notice (1024): Please change the value of 'Security.salt' in app/config/core.php to a salt value specific to your application in [/var/www/cake/libs/debugger.php, line 694]
2011-08-21 05:08:52 Notice: Notice (1024): Please change the value of 'Security.cipherSeed' in app/config/core.php to a numeric (digits only) seed value specific to your application in [/var/www/cake/libs/debugger.php, line 698]
2011-08-21 05:08:52 Notice: Notice (1024): Please change the value of 'Security.salt' in app/config/core.php to a salt value specific to your application in [/var/www/cake/libs/debugger.php, line 694]
2011-08-21 05:08:52 Notice: Notice (1024): Please change the value of 'Security.cipherSeed' in app/config/core.php to a numeric (digits only) seed value specific to your application in [/var/www/cake/libs/debugger.php, line 698]
2011-08-21 05:08:53 Notice: Notice (1024): Please change the value of 'Security.salt' in app/config/core.php to a salt value specific to your application in [/var/www/cake/libs/debugger.php, line 694]
2011-08-21 05:08:53 Notice: Notice (1024): Please change the value of 'Security.cipherSeed' in app/config/core.php to a numeric (digits only) seed value specific to your application in [/var/www/cake/libs/debugger.php, line 698]
2011-08-21 05:08:53 Notice: Notice (1024): Please change the value of 'Security.salt' in app/config/core.php to a salt value specific to your application in [/var/www/cake/libs/debugger.php, line 694]
2011-08-21 05:08:53 Notice: Notice (1024): Please change the value of 'Security.cipherSeed' in app/config/core.php to a numeric (digits only) seed value specific to your application in [/var/www/cake/libs/debugger.php, line 698]
2011-08-21 05:08:53 Notice: Notice (1024): Please change the value of 'Security.salt' in app/config/core.php to a salt value specific to your application in [/var/www/cake/libs/debugger.php, line 694]
2011-08-21 05:08:53 Notice: Notice (1024): Please change the value of 'Security.cipherSeed' in app/config/core.php to a numeric (digits only) seed value specific to your application in [/var/www/cake/libs/debugger.php, line 698]
2011-08-21 05:08:54 Notice: Notice (1024): Please change the value of 'Security.salt' in app/config/core.php to a salt value specific to your application in [/var/www/cake/libs/debugger.php, line 694]
2011-08-21 05:08:54 Notice: Notice (1024): Please change the value of 'Security.cipherSeed' in app/config/core.php to a numeric (digits only) seed value specific to your application in [/var/www/cake/libs/debugger.php, line 698]
2011-08-21 05:08:55 Notice: Notice (1024): Please change the value of 'Security.salt' in app/config/core.php to a salt value specific to your application in [/var/www/cake/libs/debugger.php, line 694]
2011-08-21 05:08:55 Notice: Notice (1024): Please change the value of 'Security.cipherSeed' in app/config/core.php to a numeric (digits only) seed value specific to your application in [/var/www/cake/libs/debugger.php, line 698]
2011-08-21 05:08:55 Notice: Notice (1024): Please change the value of 'Security.salt' in app/config/core.php to a salt value specific to your application in [/var/www/cake/libs/debugger.php, line 694]
2011-08-21 05:08:55 Notice: Notice (1024): Please change the value of 'Security.cipherSeed' in app/config/core.php to a numeric (digits only) seed value specific to your application in [/var/www/cake/libs/debugger.php, line 698]
2011-08-21 05:08:56 Notice: Notice (1024): Please change the value of 'Security.salt' in app/config/core.php to a salt value specific to your application in [/var/www/cake/libs/debugger.php, line 694]
2011-08-21 05:08:56 Notice: Notice (1024): Please change the value of 'Security.cipherSeed' in app/config/core.php to a numeric (digits only) seed value specific to your application in [/var/www/cake/libs/debugger.php, line 698]
2011-08-21 05:08:56 Notice: Notice (1024): Please change the value of 'Security.salt' in app/config/core.php to a salt value specific to your application in [/var/www/cake/libs/debugger.php, line 694]
2011-08-21 05:08:56 Notice: Notice (1024): Please change the value of 'Security.cipherSeed' in app/config/core.php to a numeric (digits only) seed value specific to your application in [/var/www/cake/libs/debugger.php, line 698]
2011-08-21 05:08:57 Notice: Notice (1024): Please change the value of 'Security.salt' in app/config/core.php to a salt value specific to your application in [/var/www/cake/libs/debugger.php, line 694]
2011-08-21 05:08:57 Notice: Notice (1024): Please change the value of 'Security.cipherSeed' in app/config/core.php to a numeric (digits only) seed value specific to your application in [/var/www/cake/libs/debugger.php, line 698]
2011-08-21 05:08:57 Notice: Notice (1024): Please change the value of 'Security.salt' in app/config/core.php to a salt value specific to your application in [/var/www/cake/libs/debugger.php, line 694]
2011-08-21 05:08:57 Notice: Notice (1024): Please change the value of 'Security.cipherSeed' in app/config/core.php to a numeric (digits only) seed value specific to your application in [/var/www/cake/libs/debugger.php, line 698]
2011-08-21 05:10:59 Notice: Notice (1024): Please change the value of 'Security.salt' in app/config/core.php to a salt value specific to your application in [/var/www/cake/libs/debugger.php, line 694]
2011-08-21 05:10:59 Notice: Notice (1024): Please change the value of 'Security.cipherSeed' in app/config/core.php to a numeric (digits only) seed value specific to your application in [/var/www/cake/libs/debugger.php, line 698]
2011-08-21 05:22:38 Notice: Notice (1024): Please change the value of 'Security.salt' in app/config/core.php to a salt value specific to your application in [/var/www/cake/libs/debugger.php, line 694]
2011-08-21 05:22:38 Notice: Notice (1024): Please change the value of 'Security.cipherSeed' in app/config/core.php to a numeric (digits only) seed value specific to your application in [/var/www/cake/libs/debugger.php, line 698]
2011-08-21 05:28:09 Notice: Notice (1024): Please change the value of 'Security.salt' in app/config/core.php to a salt value specific to your application in [/var/www/cake/libs/debugger.php, line 694]
2011-08-21 05:28:09 Notice: Notice (1024): Please change the value of 'Security.cipherSeed' in app/config/core.php to a numeric (digits only) seed value specific to your application in [/var/www/cake/libs/debugger.php, line 698]
2011-08-21 05:28:12 Notice: Notice (1024): Please change the value of 'Security.salt' in app/config/core.php to a salt value specific to your application in [/var/www/cake/libs/debugger.php, line 694]
2011-08-21 05:28:12 Notice: Notice (1024): Please change the value of 'Security.cipherSeed' in app/config/core.php to a numeric (digits only) seed value specific to your application in [/var/www/cake/libs/debugger.php, line 698]
2011-08-21 05:28:14 Notice: Notice (1024): Please change the value of 'Security.salt' in app/config/core.php to a salt value specific to your application in [/var/www/cake/libs/debugger.php, line 694]
2011-08-21 05:28:14 Notice: Notice (1024): Please change the value of 'Security.cipherSeed' in app/config/core.php to a numeric (digits only) seed value specific to your application in [/var/www/cake/libs/debugger.php, line 698]
2011-08-21 05:28:53 Notice: Notice (1024): Please change the value of 'Security.salt' in app/config/core.php to a salt value specific to your application in [/var/www/cake/libs/debugger.php, line 694]
2011-08-21 05:28:53 Notice: Notice (1024): Please change the value of 'Security.cipherSeed' in app/config/core.php to a numeric (digits only) seed value specific to your application in [/var/www/cake/libs/debugger.php, line 698]
2011-08-21 05:28:55 Notice: Notice (1024): Please change the value of 'Security.salt' in app/config/core.php to a salt value specific to your application in [/var/www/cake/libs/debugger.php, line 694]
2011-08-21 05:28:55 Notice: Notice (1024): Please change the value of 'Security.cipherSeed' in app/config/core.php to a numeric (digits only) seed value specific to your application in [/var/www/cake/libs/debugger.php, line 698]
2011-08-21 05:28:56 Notice: Notice (1024): Please change the value of 'Security.salt' in app/config/core.php to a salt value specific to your application in [/var/www/cake/libs/debugger.php, line 694]
2011-08-21 05:28:56 Notice: Notice (1024): Please change the value of 'Security.cipherSeed' in app/config/core.php to a numeric (digits only) seed value specific to your application in [/var/www/cake/libs/debugger.php, line 698]
2011-08-21 05:28:58 Notice: Notice (1024): Please change the value of 'Security.salt' in app/config/core.php to a salt value specific to your application in [/var/www/cake/libs/debugger.php, line 694]
2011-08-21 05:28:58 Notice: Notice (1024): Please change the value of 'Security.cipherSeed' in app/config/core.php to a numeric (digits only) seed value specific to your application in [/var/www/cake/libs/debugger.php, line 698]
2011-08-21 05:30:37 Notice: Notice (1024): Please change the value of 'Security.salt' in app/config/core.php to a salt value specific to your application in [/var/www/cake/libs/debugger.php, line 694]
2011-08-21 05:30:37 Notice: Notice (1024): Please change the value of 'Security.cipherSeed' in app/config/core.php to a numeric (digits only) seed value specific to your application in [/var/www/cake/libs/debugger.php, line 698]
2011-08-21 05:30:45 Notice: Notice (1024): Please change the value of 'Security.salt' in app/config/core.php to a salt value specific to your application in [/var/www/cake/libs/debugger.php, line 694]
2011-08-21 05:30:45 Notice: Notice (1024): Please change the value of 'Security.cipherSeed' in app/config/core.php to a numeric (digits only) seed value specific to your application in [/var/www/cake/libs/debugger.php, line 698]
2011-08-25 06:20:21 Notice: Notice (1024): Please change the value of 'Security.salt' in app/config/core.php to a salt value specific to your application in [/var/www/cake/libs/debugger.php, line 694]
2011-08-25 06:20:21 Notice: Notice (1024): Please change the value of 'Security.cipherSeed' in app/config/core.php to a numeric (digits only) seed value specific to your application in [/var/www/cake/libs/debugger.php, line 698]
2011-08-25 06:38:02 Notice: Notice (1024): Please change the value of 'Security.salt' in app/config/core.php to a salt value specific to your application in [/var/www/cake/libs/debugger.php, line 694]
2011-08-25 06:38:02 Notice: Notice (1024): Please change the value of 'Security.cipherSeed' in app/config/core.php to a numeric (digits only) seed value specific to your application in [/var/www/cake/libs/debugger.php, line 698]
2011-09-17 20:21:44 Notice: Notice (1024): Please change the value of 'Security.salt' in app/config/core.php to a salt value specific to your application in [/var/www/cake/libs/debugger.php, line 694]
2011-09-17 20:21:44 Notice: Notice (1024): Please change the value of 'Security.cipherSeed' in app/config/core.php to a numeric (digits only) seed value specific to your application in [/var/www/cake/libs/debugger.php, line 698]
2011-09-20 04:30:30 Notice: Notice (1024): Please change the value of 'Security.salt' in app/config/core.php to a salt value specific to your application in [/var/www/cake/libs/debugger.php, line 694]
2011-09-20 04:30:30 Notice: Notice (1024): Please change the value of 'Security.cipherSeed' in app/config/core.php to a numeric (digits only) seed value specific to your application in [/var/www/cake/libs/debugger.php, line 698]
2011-09-20 04:57:31 Notice: Notice (8): Use of undefined constant IMG_PNG - assumed 'IMG_PNG' in [/var/www/vendors/jpgraph_errhandler.inc.php, line 282]
2011-09-20 05:04:23 Notice: Notice (8): Use of undefined constant IMG_PNG - assumed 'IMG_PNG' in [/var/www/vendors/jpgraph_errhandler.inc.php, line 282]
2011-09-20 05:04:25 Notice: Notice (8): Use of undefined constant IMG_PNG - assumed 'IMG_PNG' in [/var/www/vendors/jpgraph_errhandler.inc.php, line 282]
2011-09-20 05:05:18 Notice: Notice (8): Use of undefined constant IMG_PNG - assumed 'IMG_PNG' in [/var/www/vendors/jpgraph_errhandler.inc.php, line 282]
2011-09-20 05:05:26 Notice: Notice (8): Use of undefined constant IMG_PNG - assumed 'IMG_PNG' in [/var/www/vendors/jpgraph_errhandler.inc.php, line 282]
2011-09-20 05:05:40 Notice: Notice (8): Use of undefined constant IMG_PNG - assumed 'IMG_PNG' in [/var/www/vendors/jpgraph_errhandler.inc.php, line 282]
2011-09-20 05:09:23 Notice: Notice (8): Use of undefined constant IMG_PNG - assumed 'IMG_PNG' in [/var/www/vendors/jpgraph_errhandler.inc.php, line 282]
2011-09-20 05:17:37 Notice: Notice (8): Use of undefined constant IMG_PNG - assumed 'IMG_PNG' in [/var/www/vendors/jpgraph_errhandler.inc.php, line 282]
2011-09-20 05:16:42 Notice: Notice (8): Use of undefined constant IMG_PNG - assumed 'IMG_PNG' in [/var/www/vendors/jpgraph_errhandler.inc.php, line 282]
2011-09-20 05:27:42 Notice: Notice (1024): Please change the value of 'Security.salt' in app/config/core.php to a salt value specific to your application in [/var/www/cake/libs/debugger.php, line 694]
2011-09-20 05:27:42 Notice: Notice (1024): Please change the value of 'Security.cipherSeed' in app/config/core.php to a numeric (digits only) seed value specific to your application in [/var/www/cake/libs/debugger.php, line 698]
2011-09-20 05:31:04 Notice: Notice (1024): Please change the value of 'Security.salt' in app/config/core.php to a salt value specific to your application in [/var/www/cake/libs/debugger.php, line 694]
2011-09-20 05:31:04 Notice: Notice (1024): Please change the value of 'Security.cipherSeed' in app/config/core.php to a numeric (digits only) seed value specific to your application in [/var/www/cake/libs/debugger.php, line 698]
2011-09-20 05:31:05 Notice: Notice (1024): Please change the value of 'Security.salt' in app/config/core.php to a salt value specific to your application in [/var/www/cake/libs/debugger.php, line 694]
2011-09-20 05:31:05 Notice: Notice (1024): Please change the value of 'Security.cipherSeed' in app/config/core.php to a numeric (digits only) seed value specific to your application in [/var/www/cake/libs/debugger.php, line 698]
2011-09-20 05:31:06 Notice: Notice (1024): Please change the value of 'Security.salt' in app/config/core.php to a salt value specific to your application in [/var/www/cake/libs/debugger.php, line 694]
2011-09-20 05:31:06 Notice: Notice (1024): Please change the value of 'Security.cipherSeed' in app/config/core.php to a numeric (digits only) seed value specific to your application in [/var/www/cake/libs/debugger.php, line 698]
2011-09-20 05:32:16 Notice: Notice (1024): Please change the value of 'Security.salt' in app/config/core.php to a salt value specific to your application in [/var/www/cake/libs/debugger.php, line 694]
2011-09-20 05:32:16 Notice: Notice (1024): Please change the value of 'Security.cipherSeed' in app/config/core.php to a numeric (digits only) seed value specific to your application in [/var/www/cake/libs/debugger.php, line 698]
2011-09-20 05:35:34 Notice: Notice (1024): Please change the value of 'Security.salt' in app/config/core.php to a salt value specific to your application in [/var/www/cake/libs/debugger.php, line 694]
2011-09-20 05:35:34 Notice: Notice (1024): Please change the value of 'Security.cipherSeed' in app/config/core.php to a numeric (digits only) seed value specific to your application in [/var/www/cake/libs/debugger.php, line 698]
2011-09-20 05:38:37 Notice: Notice (1024): Please change the value of 'Security.salt' in app/config/core.php to a salt value specific to your application in [/var/www/cake/libs/debugger.php, line 694]
2011-09-20 05:38:37 Notice: Notice (1024): Please change the value of 'Security.cipherSeed' in app/config/core.php to a numeric (digits only) seed value specific to your application in [/var/www/cake/libs/debugger.php, line 698]
2011-09-20 05:40:43 Notice: Notice (1024): Please change the value of 'Security.salt' in app/config/core.php to a salt value specific to your application in [/var/www/cake/libs/debugger.php, line 694]
2011-09-20 05:40:43 Notice: Notice (1024): Please change the value of 'Security.cipherSeed' in app/config/core.php to a numeric (digits only) seed value specific to your application in [/var/www/cake/libs/debugger.php, line 698]
2011-09-20 05:40:45 Notice: Notice (1024): Please change the value of 'Security.salt' in app/config/core.php to a salt value specific to your application in [/var/www/cake/libs/debugger.php, line 694]
2011-09-20 05:40:45 Notice: Notice (1024): Please change the value of 'Security.cipherSeed' in app/config/core.php to a numeric (digits only) seed value specific to your application in [/var/www/cake/libs/debugger.php, line 698]
2011-09-20 05:41:03 Notice: Notice (1024): Please change the value of 'Security.salt' in app/config/core.php to a salt value specific to your application in [/var/www/cake/libs/debugger.php, line 694]
2011-09-20 05:41:03 Notice: Notice (1024): Please change the value of 'Security.cipherSeed' in app/config/core.php to a numeric (digits only) seed value specific to your application in [/var/www/cake/libs/debugger.php, line 698]
2011-09-20 05:41:05 Notice: Notice (1024): Please change the value of 'Security.salt' in app/config/core.php to a salt value specific to your application in [/var/www/cake/libs/debugger.php, line 694]
2011-09-20 05:41:05 Notice: Notice (1024): Please change the value of 'Security.cipherSeed' in app/config/core.php to a numeric (digits only) seed value specific to your application in [/var/www/cake/libs/debugger.php, line 698]
2011-09-20 05:41:33 Notice: Notice (1024): Please change the value of 'Security.salt' in app/config/core.php to a salt value specific to your application in [/var/www/cake/libs/debugger.php, line 694]
2011-09-20 05:41:33 Notice: Notice (1024): Please change the value of 'Security.cipherSeed' in app/config/core.php to a numeric (digits only) seed value specific to your application in [/var/www/cake/libs/debugger.php, line 698]
2011-09-20 05:41:35 Notice: Notice (1024): Please change the value of 'Security.salt' in app/config/core.php to a salt value specific to your application in [/var/www/cake/libs/debugger.php, line 694]
2011-09-20 05:41:35 Notice: Notice (1024): Please change the value of 'Security.cipherSeed' in app/config/core.php to a numeric (digits only) seed value specific to your application in [/var/www/cake/libs/debugger.php, line 698]
2011-09-20 05:42:05 Notice: Notice (1024): Please change the value of 'Security.salt' in app/config/core.php to a salt value specific to your application in [/var/www/cake/libs/debugger.php, line 694]
2011-09-20 05:42:06 Notice: Notice (1024): Please change the value of 'Security.cipherSeed' in app/config/core.php to a numeric (digits only) seed value specific to your application in [/var/www/cake/libs/debugger.php, line 698]
2011-09-20 05:42:07 Notice: Notice (1024): Please change the value of 'Security.salt' in app/config/core.php to a salt value specific to your application in [/var/www/cake/libs/debugger.php, line 694]
2011-09-20 05:42:07 Notice: Notice (1024): Please change the value of 'Security.cipherSeed' in app/config/core.php to a numeric (digits only) seed value specific to your application in [/var/www/cake/libs/debugger.php, line 698]
2011-09-20 05:48:59 Notice: Notice (1024): Please change the value of 'Security.salt' in app/config/core.php to a salt value specific to your application in [/var/www/cake/libs/debugger.php, line 694]
2011-09-20 05:48:59 Notice: Notice (1024): Please change the value of 'Security.cipherSeed' in app/config/core.php to a numeric (digits only) seed value specific to your application in [/var/www/cake/libs/debugger.php, line 698]
2011-09-20 05:49:02 Notice: Notice (1024): Please change the value of 'Security.salt' in app/config/core.php to a salt value specific to your application in [/var/www/cake/libs/debugger.php, line 694]
2011-09-20 05:49:02 Notice: Notice (1024): Please change the value of 'Security.cipherSeed' in app/config/core.php to a numeric (digits only) seed value specific to your application in [/var/www/cake/libs/debugger.php, line 698]
2011-09-20 05:50:51 Notice: Notice (1024): Please change the value of 'Security.salt' in app/config/core.php to a salt value specific to your application in [/var/www/cake/libs/debugger.php, line 694]
2011-09-20 05:50:51 Notice: Notice (1024): Please change the value of 'Security.cipherSeed' in app/config/core.php to a numeric (digits only) seed value specific to your application in [/var/www/cake/libs/debugger.php, line 698]
2011-09-20 05:50:53 Notice: Notice (1024): Please change the value of 'Security.salt' in app/config/core.php to a salt value specific to your application in [/var/www/cake/libs/debugger.php, line 694]
2011-09-20 05:50:53 Notice: Notice (1024): Please change the value of 'Security.cipherSeed' in app/config/core.php to a numeric (digits only) seed value specific to your application in [/var/www/cake/libs/debugger.php, line 698]
2011-09-20 05:53:46 Notice: Notice (1024): Please change the value of 'Security.salt' in app/config/core.php to a salt value specific to your application in [/var/www/cake/libs/debugger.php, line 694]
2011-09-20 05:53:46 Notice: Notice (1024): Please change the value of 'Security.cipherSeed' in app/config/core.php to a numeric (digits only) seed value specific to your application in [/var/www/cake/libs/debugger.php, line 698]
2011-09-20 05:56:28 Notice: Notice (1024): Please change the value of 'Security.salt' in app/config/core.php to a salt value specific to your application in [/var/www/cake/libs/debugger.php, line 694]
2011-09-20 05:56:28 Notice: Notice (1024): Please change the value of 'Security.cipherSeed' in app/config/core.php to a numeric (digits only) seed value specific to your application in [/var/www/cake/libs/debugger.php, line 698]
2011-09-20 05:56:30 Notice: Notice (1024): Please change the value of 'Security.salt' in app/config/core.php to a salt value specific to your application in [/var/www/cake/libs/debugger.php, line 694]
2011-09-20 05:56:30 Notice: Notice (1024): Please change the value of 'Security.cipherSeed' in app/config/core.php to a numeric (digits only) seed value specific to your application in [/var/www/cake/libs/debugger.php, line 698]
2011-09-20 05:58:58 Notice: Notice (1024): Please change the value of 'Security.salt' in app/config/core.php to a salt value specific to your application in [/var/www/cake/libs/debugger.php, line 694]
2011-09-20 05:58:58 Notice: Notice (1024): Please change the value of 'Security.cipherSeed' in app/config/core.php to a numeric (digits only) seed value specific to your application in [/var/www/cake/libs/debugger.php, line 698]
2011-09-20 06:14:09 Notice: Notice (1024): Please change the value of 'Security.salt' in app/config/core.php to a salt value specific to your application in [/var/www/cake/libs/debugger.php, line 694]
2011-09-20 06:14:09 Notice: Notice (1024): Please change the value of 'Security.cipherSeed' in app/config/core.php to a numeric (digits only) seed value specific to your application in [/var/www/cake/libs/debugger.php, line 698]
2011-09-20 06:14:14 Notice: Notice (1024): Please change the value of 'Security.salt' in app/config/core.php to a salt value specific to your application in [/var/www/cake/libs/debugger.php, line 694]
2011-09-20 06:14:14 Notice: Notice (1024): Please change the value of 'Security.cipherSeed' in app/config/core.php to a numeric (digits only) seed value specific to your application in [/var/www/cake/libs/debugger.php, line 698]
2011-09-20 06:14:22 Notice: Notice (1024): Please change the value of 'Security.salt' in app/config/core.php to a salt value specific to your application in [/var/www/cake/libs/debugger.php, line 694]
2011-09-20 06:14:22 Notice: Notice (1024): Please change the value of 'Security.cipherSeed' in app/config/core.php to a numeric (digits only) seed value specific to your application in [/var/www/cake/libs/debugger.php, line 698]
2011-09-20 07:59:40 Notice: Notice (8): Undefined variable: baseline in [/var/www/app/views/jpgraphs/index.ctp, line 6]
2011-09-20 07:59:40 Notice: Notice (8): Undefined variable: wk1 in [/var/www/app/views/jpgraphs/index.ctp, line 6]
2011-09-20 07:59:40 Notice: Notice (8): Undefined variable: wk2 in [/var/www/app/views/jpgraphs/index.ctp, line 6]
2011-09-20 07:59:40 Notice: Notice (8): Undefined variable: wk3 in [/var/www/app/views/jpgraphs/index.ctp, line 6]
2011-09-20 07:59:40 Notice: Notice (8): Undefined variable: wk4 in [/var/www/app/views/jpgraphs/index.ctp, line 6]
2011-09-20 07:59:40 Notice: Notice (8): Undefined variable: wk5 in [/var/www/app/views/jpgraphs/index.ctp, line 6]
2011-09-20 07:59:40 Notice: Notice (8): Undefined variable: wk6 in [/var/www/app/views/jpgraphs/index.ctp, line 6]
2011-09-20 07:59:40 Notice: Notice (8): Undefined variable: wk7 in [/var/www/app/views/jpgraphs/index.ctp, line 6]
2011-09-20 07:59:40 Notice: Notice (8): Undefined variable: wk8 in [/var/www/app/views/jpgraphs/index.ctp, line 6]
2011-09-20 07:59:40 Notice: Notice (8): Undefined variable: wk9 in [/var/www/app/views/jpgraphs/index.ctp, line 6]
2011-09-20 07:59:40 Notice: Notice (8): Undefined variable: wk10 in [/var/www/app/views/jpgraphs/index.ctp, line 6]
2011-09-20 07:59:40 Notice: Notice (8): Undefined variable: wk11 in [/var/www/app/views/jpgraphs/index.ctp, line 6]
2011-09-20 07:59:40 Notice: Notice (8): Undefined variable: wk12 in [/var/www/app/views/jpgraphs/index.ctp, line 6]
2011-09-20 07:59:40 Notice: Notice (8): Undefined variable: wk13 in [/var/www/app/views/jpgraphs/index.ctp, line 6]
2011-09-20 07:59:40 Notice: Notice (8): Undefined variable: dur in [/var/www/app/views/jpgraphs/index.ctp, line 7]
2011-09-20 07:59:40 Notice: Notice (8): Undefined variable: baseline in [/var/www/app/views/jpgraphs/index.ctp, line 13]
2011-09-20 07:59:40 Notice: Notice (8): Undefined variable: dur in [/var/www/app/views/jpgraphs/index.ctp, line 14]
2011-09-20 07:59:40 Notice: Notice (8): Undefined variable: goalperf in [/var/www/app/views/jpgraphs/index.ctp, line 15]
2011-09-20 07:59:40 Notice: Notice (8): Use of undefined constant B - assumed 'B' in [/var/www/app/views/jpgraphs/index.ctp, line 22]
2011-09-20 07:59:42 Notice: Notice (8): Undefined variable: baseline in [/var/www/app/views/jpgraphs/index.ctp, line 6]
2011-09-20 07:59:42 Notice: Notice (8): Undefined variable: wk1 in [/var/www/app/views/jpgraphs/index.ctp, line 6]
2011-09-20 07:59:42 Notice: Notice (8): Undefined variable: wk2 in [/var/www/app/views/jpgraphs/index.ctp, line 6]
2011-09-20 07:59:42 Notice: Notice (8): Undefined variable: wk3 in [/var/www/app/views/jpgraphs/index.ctp, line 6]
2011-09-20 07:59:42 Notice: Notice (8): Undefined variable: wk4 in [/var/www/app/views/jpgraphs/index.ctp, line 6]
2011-09-20 07:59:42 Notice: Notice (8): Undefined variable: wk5 in [/var/www/app/views/jpgraphs/index.ctp, line 6]
2011-09-20 07:59:42 Notice: Notice (8): Undefined variable: wk6 in [/var/www/app/views/jpgraphs/index.ctp, line 6]
2011-09-20 07:59:42 Notice: Notice (8): Undefined variable: wk7 in [/var/www/app/views/jpgraphs/index.ctp, line 6]
2011-09-20 07:59:42 Notice: Notice (8): Undefined variable: wk8 in [/var/www/app/views/jpgraphs/index.ctp, line 6]
2011-09-20 07:59:42 Notice: Notice (8): Undefined variable: wk9 in [/var/www/app/views/jpgraphs/index.ctp, line 6]
2011-09-20 07:59:42 Notice: Notice (8): Undefined variable: wk10 in [/var/www/app/views/jpgraphs/index.ctp, line 6]
2011-09-20 07:59:42 Notice: Notice (8): Undefined variable: wk11 in [/var/www/app/views/jpgraphs/index.ctp, line 6]
2011-09-20 07:59:42 Notice: Notice (8): Undefined variable: wk12 in [/var/www/app/views/jpgraphs/index.ctp, line 6]
2011-09-20 07:59:42 Notice: Notice (8): Undefined variable: wk13 in [/var/www/app/views/jpgraphs/index.ctp, line 6]
2011-09-20 07:59:42 Notice: Notice (8): Undefined variable: dur in [/var/www/app/views/jpgraphs/index.ctp, line 7]
2011-09-20 07:59:42 Notice: Notice (8): Undefined variable: baseline in [/var/www/app/views/jpgraphs/index.ctp, line 13]
2011-09-20 07:59:42 Notice: Notice (8): Undefined variable: dur in [/var/www/app/views/jpgraphs/index.ctp, line 14]
2011-09-20 07:59:42 Notice: Notice (8): Undefined variable: goalperf in [/var/www/app/views/jpgraphs/index.ctp, line 15]
2011-09-20 07:59:42 Notice: Notice (8): Use of undefined constant B - assumed 'B' in [/var/www/app/views/jpgraphs/index.ctp, line 22]
2011-09-20 08:04:06 Notice: Notice (8): Undefined variable: wk4 in [/var/www/app/views/jpgraphs/index.ctp, line 15]
2011-09-20 08:04:06 Notice: Notice (8): Undefined variable: wk5 in [/var/www/app/views/jpgraphs/index.ctp, line 15]
2011-09-20 08:04:06 Notice: Notice (8): Undefined variable: wk6 in [/var/www/app/views/jpgraphs/index.ctp, line 15]
2011-09-20 08:04:06 Notice: Notice (8): Undefined variable: wk7 in [/var/www/app/views/jpgraphs/index.ctp, line 15]
2011-09-20 08:04:06 Notice: Notice (8): Undefined variable: wk8 in [/var/www/app/views/jpgraphs/index.ctp, line 15]
2011-09-20 08:04:06 Notice: Notice (8): Undefined variable: wk9 in [/var/www/app/views/jpgraphs/index.ctp, line 15]
2011-09-20 08:04:06 Notice: Notice (8): Undefined variable: wk10 in [/var/www/app/views/jpgraphs/index.ctp, line 15]
2011-09-20 08:04:06 Notice: Notice (8): Undefined variable: wk11 in [/var/www/app/views/jpgraphs/index.ctp, line 15]
2011-09-20 08:04:06 Notice: Notice (8): Undefined variable: wk12 in [/var/www/app/views/jpgraphs/index.ctp, line 15]
2011-09-20 08:04:07 Notice: Notice (8): Undefined variable: wk13 in [/var/www/app/views/jpgraphs/index.ctp, line 15]
2011-09-20 08:04:07 Notice: Notice (8): Use of undefined constant B - assumed 'B' in [/var/www/app/views/jpgraphs/index.ctp, line 31]
2011-09-20 08:05:11 Notice: Notice (8): Undefined variable: wk4 in [/var/www/app/views/jpgraphs/index.ctp, line 15]
2011-09-20 08:05:11 Notice: Notice (8): Undefined variable: wk5 in [/var/www/app/views/jpgraphs/index.ctp, line 15]
2011-09-20 08:05:11 Notice: Notice (8): Undefined variable: wk6 in [/var/www/app/views/jpgraphs/index.ctp, line 15]
2011-09-20 08:05:11 Notice: Notice (8): Undefined variable: wk7 in [/var/www/app/views/jpgraphs/index.ctp, line 15]
2011-09-20 08:05:11 Notice: Notice (8): Undefined variable: wk8 in [/var/www/app/views/jpgraphs/index.ctp, line 15]
2011-09-20 08:05:11 Notice: Notice (8): Undefined variable: wk9 in [/var/www/app/views/jpgraphs/index.ctp, line 15]
2011-09-20 08:05:11 Notice: Notice (8): Undefined variable: wk10 in [/var/www/app/views/jpgraphs/index.ctp, line 15]
2011-09-20 08:05:11 Notice: Notice (8): Undefined variable: wk11 in [/var/www/app/views/jpgraphs/index.ctp, line 15]
2011-09-20 08:05:11 Notice: Notice (8): Undefined variable: wk12 in [/var/www/app/views/jpgraphs/index.ctp, line 15]
2011-09-20 08:05:11 Notice: Notice (8): Undefined variable: wk13 in [/var/www/app/views/jpgraphs/index.ctp, line 15]
2011-09-20 08:05:11 Notice: Notice (8): Use of undefined constant B - assumed 'B' in [/var/www/app/views/jpgraphs/index.ctp, line 31]
2011-09-20 08:05:55 Notice: Notice (8): Undefined variable: wk4 in [/var/www/app/views/jpgraphs/index.ctp, line 15]
2011-09-20 08:05:55 Notice: Notice (8): Undefined variable: wk5 in [/var/www/app/views/jpgraphs/index.ctp, line 15]
2011-09-20 08:05:55 Notice: Notice (8): Undefined variable: wk6 in [/var/www/app/views/jpgraphs/index.ctp, line 15]
2011-09-20 08:05:55 Notice: Notice (8): Undefined variable: wk7 in [/var/www/app/views/jpgraphs/index.ctp, line 15]
2011-09-20 08:05:55 Notice: Notice (8): Undefined variable: wk8 in [/var/www/app/views/jpgraphs/index.ctp, line 15]
2011-09-20 08:05:55 Notice: Notice (8): Undefined variable: wk9 in [/var/www/app/views/jpgraphs/index.ctp, line 15]
2011-09-20 08:05:55 Notice: Notice (8): Undefined variable: wk10 in [/var/www/app/views/jpgraphs/index.ctp, line 15]
2011-09-20 08:05:55 Notice: Notice (8): Undefined variable: wk11 in [/var/www/app/views/jpgraphs/index.ctp, line 15]
2011-09-20 08:05:55 Notice: Notice (8): Undefined variable: wk12 in [/var/www/app/views/jpgraphs/index.ctp, line 15]
2011-09-20 08:05:55 Notice: Notice (8): Undefined variable: wk13 in [/var/www/app/views/jpgraphs/index.ctp, line 15]
2011-09-20 08:05:55 Notice: Notice (8): Use of undefined constant B - assumed 'B' in [/var/www/app/views/jpgraphs/index.ctp, line 31]
2011-09-20 08:06:01 Notice: Notice (8): Undefined variable: wk4 in [/var/www/app/views/jpgraphs/index.ctp, line 15]
2011-09-20 08:06:01 Notice: Notice (8): Undefined variable: wk5 in [/var/www/app/views/jpgraphs/index.ctp, line 15]
2011-09-20 08:06:01 Notice: Notice (8): Undefined variable: wk6 in [/var/www/app/views/jpgraphs/index.ctp, line 15]
2011-09-20 08:06:01 Notice: Notice (8): Undefined variable: wk7 in [/var/www/app/views/jpgraphs/index.ctp, line 15]
2011-09-20 08:06:01 Notice: Notice (8): Undefined variable: wk8 in [/var/www/app/views/jpgraphs/index.ctp, line 15]
2011-09-20 08:06:01 Notice: Notice (8): Undefined variable: wk9 in [/var/www/app/views/jpgraphs/index.ctp, line 15]
2011-09-20 08:06:01 Notice: Notice (8): Undefined variable: wk10 in [/var/www/app/views/jpgraphs/index.ctp, line 15]
2011-09-20 08:06:01 Notice: Notice (8): Undefined variable: wk11 in [/var/www/app/views/jpgraphs/index.ctp, line 15]
2011-09-20 08:06:01 Notice: Notice (8): Undefined variable: wk12 in [/var/www/app/views/jpgraphs/index.ctp, line 15]
2011-09-20 08:06:01 Notice: Notice (8): Undefined variable: wk13 in [/var/www/app/views/jpgraphs/index.ctp, line 15]
2011-09-20 08:06:01 Notice: Notice (8): Use of undefined constant B - assumed 'B' in [/var/www/app/views/jpgraphs/index.ctp, line 31]
2011-09-20 08:06:05 Notice: Notice (8): Undefined variable: wk4 in [/var/www/app/views/jpgraphs/index.ctp, line 15]
2011-09-20 08:06:05 Notice: Notice (8): Undefined variable: wk5 in [/var/www/app/views/jpgraphs/index.ctp, line 15]
2011-09-20 08:06:05 Notice: Notice (8): Undefined variable: wk6 in [/var/www/app/views/jpgraphs/index.ctp, line 15]
2011-09-20 08:06:05 Notice: Notice (8): Undefined variable: wk7 in [/var/www/app/views/jpgraphs/index.ctp, line 15]
2011-09-20 08:06:05 Notice: Notice (8): Undefined variable: wk8 in [/var/www/app/views/jpgraphs/index.ctp, line 15]
2011-09-20 08:06:05 Notice: Notice (8): Undefined variable: wk9 in [/var/www/app/views/jpgraphs/index.ctp, line 15]
2011-09-20 08:06:05 Notice: Notice (8): Undefined variable: wk10 in [/var/www/app/views/jpgraphs/index.ctp, line 15]
2011-09-20 08:06:05 Notice: Notice (8): Undefined variable: wk11 in [/var/www/app/views/jpgraphs/index.ctp, line 15]
2011-09-20 08:06:05 Notice: Notice (8): Undefined variable: wk12 in [/var/www/app/views/jpgraphs/index.ctp, line 15]
2011-09-20 08:06:05 Notice: Notice (8): Undefined variable: wk13 in [/var/www/app/views/jpgraphs/index.ctp, line 15]
2011-09-20 08:06:05 Notice: Notice (8): Use of undefined constant B - assumed 'B' in [/var/www/app/views/jpgraphs/index.ctp, line 31]
2011-09-20 08:08:57 Notice: Notice (8): Undefined variable: wk4 in [/var/www/app/views/jpgraphs/index.ctp, line 15]
2011-09-20 08:08:57 Notice: Notice (8): Undefined variable: wk5 in [/var/www/app/views/jpgraphs/index.ctp, line 15]
2011-09-20 08:08:57 Notice: Notice (8): Undefined variable: wk6 in [/var/www/app/views/jpgraphs/index.ctp, line 15]
2011-09-20 08:08:57 Notice: Notice (8): Undefined variable: wk7 in [/var/www/app/views/jpgraphs/index.ctp, line 15]
2011-09-20 08:08:57 Notice: Notice (8): Undefined variable: wk8 in [/var/www/app/views/jpgraphs/index.ctp, line 15]
2011-09-20 08:08:57 Notice: Notice (8): Undefined variable: wk9 in [/var/www/app/views/jpgraphs/index.ctp, line 15]
2011-09-20 08:08:57 Notice: Notice (8): Undefined variable: wk10 in [/var/www/app/views/jpgraphs/index.ctp, line 15]
2011-09-20 08:08:57 Notice: Notice (8): Undefined variable: wk11 in [/var/www/app/views/jpgraphs/index.ctp, line 15]
2011-09-20 08:08:57 Notice: Notice (8): Undefined variable: wk12 in [/var/www/app/views/jpgraphs/index.ctp, line 15]
2011-09-20 08:08:57 Notice: Notice (8): Undefined variable: wk13 in [/var/www/app/views/jpgraphs/index.ctp, line 15]
2011-09-20 08:08:57 Notice: Notice (8): Use of undefined constant B - assumed 'B' in [/var/www/app/views/jpgraphs/index.ctp, line 31]
2011-09-20 08:08:58 Notice: Notice (8): Undefined variable: wk4 in [/var/www/app/views/jpgraphs/index.ctp, line 15]
2011-09-20 08:08:58 Notice: Notice (8): Undefined variable: wk5 in [/var/www/app/views/jpgraphs/index.ctp, line 15]
2011-09-20 08:08:58 Notice: Notice (8): Undefined variable: wk6 in [/var/www/app/views/jpgraphs/index.ctp, line 15]
2011-09-20 08:08:58 Notice: Notice (8): Undefined variable: wk7 in [/var/www/app/views/jpgraphs/index.ctp, line 15]
2011-09-20 08:08:58 Notice: Notice (8): Undefined variable: wk8 in [/var/www/app/views/jpgraphs/index.ctp, line 15]
2011-09-20 08:08:58 Notice: Notice (8): Undefined variable: wk9 in [/var/www/app/views/jpgraphs/index.ctp, line 15]
2011-09-20 08:08:58 Notice: Notice (8): Undefined variable: wk10 in [/var/www/app/views/jpgraphs/index.ctp, line 15]
2011-09-20 08:08:58 Notice: Notice (8): Undefined variable: wk11 in [/var/www/app/views/jpgraphs/index.ctp, line 15]
2011-09-20 08:08:58 Notice: Notice (8): Undefined variable: wk12 in [/var/www/app/views/jpgraphs/index.ctp, line 15]
2011-09-20 08:08:58 Notice: Notice (8): Undefined variable: wk13 in [/var/www/app/views/jpgraphs/index.ctp, line 15]
2011-09-20 08:08:58 Notice: Notice (8): Use of undefined constant B - assumed 'B' in [/var/www/app/views/jpgraphs/index.ctp, line 31]
2011-09-20 08:09:55 Notice: Notice (8): Undefined variable: wk4 in [/var/www/app/views/jpgraphs/index.ctp, line 15]
2011-09-20 08:09:55 Notice: Notice (8): Undefined variable: wk5 in [/var/www/app/views/jpgraphs/index.ctp, line 15]
2011-09-20 08:09:55 Notice: Notice (8): Undefined variable: wk6 in [/var/www/app/views/jpgraphs/index.ctp, line 15]
2011-09-20 08:09:55 Notice: Notice (8): Undefined variable: wk7 in [/var/www/app/views/jpgraphs/index.ctp, line 15]
2011-09-20 08:09:55 Notice: Notice (8): Undefined variable: wk8 in [/var/www/app/views/jpgraphs/index.ctp, line 15]
2011-09-20 08:09:55 Notice: Notice (8): Undefined variable: wk9 in [/var/www/app/views/jpgraphs/index.ctp, line 15]
2011-09-20 08:09:55 Notice: Notice (8): Undefined variable: wk10 in [/var/www/app/views/jpgraphs/index.ctp, line 15]
2011-09-20 08:09:55 Notice: Notice (8): Undefined variable: wk11 in [/var/www/app/views/jpgraphs/index.ctp, line 15]
2011-09-20 08:09:55 Notice: Notice (8): Undefined variable: wk12 in [/var/www/app/views/jpgraphs/index.ctp, line 15]
2011-09-20 08:09:55 Notice: Notice (8): Undefined variable: wk13 in [/var/www/app/views/jpgraphs/index.ctp, line 15]
2011-09-20 08:09:55 Notice: Notice (8): Use of undefined constant B - assumed 'B' in [/var/www/app/views/jpgraphs/index.ctp, line 31]
2011-09-20 08:09:55 Notice: Notice (8): Undefined variable: wk4 in [/var/www/app/views/jpgraphs/index.ctp, line 15]
2011-09-20 08:09:55 Notice: Notice (8): Undefined variable: wk5 in [/var/www/app/views/jpgraphs/index.ctp, line 15]
2011-09-20 08:09:55 Notice: Notice (8): Undefined variable: wk6 in [/var/www/app/views/jpgraphs/index.ctp, line 15]
2011-09-20 08:09:55 Notice: Notice (8): Undefined variable: wk7 in [/var/www/app/views/jpgraphs/index.ctp, line 15]
2011-09-20 08:09:55 Notice: Notice (8): Undefined variable: wk8 in [/var/www/app/views/jpgraphs/index.ctp, line 15]
2011-09-20 08:09:55 Notice: Notice (8): Undefined variable: wk9 in [/var/www/app/views/jpgraphs/index.ctp, line 15]
2011-09-20 08:09:56 Notice: Notice (8): Undefined variable: wk10 in [/var/www/app/views/jpgraphs/index.ctp, line 15]
2011-09-20 08:09:56 Notice: Notice (8): Undefined variable: wk11 in [/var/www/app/views/jpgraphs/index.ctp, line 15]
2011-09-20 08:09:56 Notice: Notice (8): Undefined variable: wk12 in [/var/www/app/views/jpgraphs/index.ctp, line 15]
2011-09-20 08:09:56 Notice: Notice (8): Undefined variable: wk13 in [/var/www/app/views/jpgraphs/index.ctp, line 15]
2011-09-20 08:09:56 Notice: Notice (8): Use of undefined constant B - assumed 'B' in [/var/www/app/views/jpgraphs/index.ctp, line 31]
2011-09-20 08:09:56 Notice: Notice (8): Undefined variable: wk4 in [/var/www/app/views/jpgraphs/index.ctp, line 15]
2011-09-20 08:09:56 Notice: Notice (8): Undefined variable: wk5 in [/var/www/app/views/jpgraphs/index.ctp, line 15]
2011-09-20 08:09:56 Notice: Notice (8): Undefined variable: wk6 in [/var/www/app/views/jpgraphs/index.ctp, line 15]
2011-09-20 08:09:56 Notice: Notice (8): Undefined variable: wk7 in [/var/www/app/views/jpgraphs/index.ctp, line 15]
2011-09-20 08:09:56 Notice: Notice (8): Undefined variable: wk8 in [/var/www/app/views/jpgraphs/index.ctp, line 15]
2011-09-20 08:09:56 Notice: Notice (8): Undefined variable: wk9 in [/var/www/app/views/jpgraphs/index.ctp, line 15]
2011-09-20 08:09:56 Notice: Notice (8): Undefined variable: wk10 in [/var/www/app/views/jpgraphs/index.ctp, line 15]
2011-09-20 08:09:56 Notice: Notice (8): Undefined variable: wk11 in [/var/www/app/views/jpgraphs/index.ctp, line 15]
2011-09-20 08:09:56 Notice: Notice (8): Undefined variable: wk12 in [/var/www/app/views/jpgraphs/index.ctp, line 15]
2011-09-20 08:09:56 Notice: Notice (8): Undefined variable: wk13 in [/var/www/app/views/jpgraphs/index.ctp, line 15]
2011-09-20 08:09:56 Notice: Notice (8): Use of undefined constant B - assumed 'B' in [/var/www/app/views/jpgraphs/index.ctp, line 31]
2011-09-20 08:09:57 Notice: Notice (8): Undefined variable: wk4 in [/var/www/app/views/jpgraphs/index.ctp, line 15]
2011-09-20 08:09:57 Notice: Notice (8): Undefined variable: wk5 in [/var/www/app/views/jpgraphs/index.ctp, line 15]
2011-09-20 08:09:57 Notice: Notice (8): Undefined variable: wk6 in [/var/www/app/views/jpgraphs/index.ctp, line 15]
2011-09-20 08:09:57 Notice: Notice (8): Undefined variable: wk7 in [/var/www/app/views/jpgraphs/index.ctp, line 15]
2011-09-20 08:09:57 Notice: Notice (8): Undefined variable: wk8 in [/var/www/app/views/jpgraphs/index.ctp, line 15]
2011-09-20 08:09:57 Notice: Notice (8): Undefined variable: wk9 in [/var/www/app/views/jpgraphs/index.ctp, line 15]
2011-09-20 08:09:57 Notice: Notice (8): Undefined variable: wk10 in [/var/www/app/views/jpgraphs/index.ctp, line 15]
2011-09-20 08:09:57 Notice: Notice (8): Undefined variable: wk11 in [/var/www/app/views/jpgraphs/index.ctp, line 15]
2011-09-20 08:09:57 Notice: Notice (8): Undefined variable: wk12 in [/var/www/app/views/jpgraphs/index.ctp, line 15]
2011-09-20 08:09:57 Notice: Notice (8): Undefined variable: wk13 in [/var/www/app/views/jpgraphs/index.ctp, line 15]
2011-09-20 08:09:57 Notice: Notice (8): Use of undefined constant B - assumed 'B' in [/var/www/app/views/jpgraphs/index.ctp, line 31]
2011-09-20 08:16:47 Notice: Notice (8): Undefined variable: goalperf in [/var/www/app/views/jpgraphs/index.ctp, line 34]
2011-09-20 08:16:47 Notice: Notice (8): Use of undefined constant B - assumed 'B' in [/var/www/app/views/jpgraphs/index.ctp, line 41]
2011-09-20 08:16:48 Notice: Notice (8): Undefined variable: goalperf in [/var/www/app/views/jpgraphs/index.ctp, line 34]
2011-09-20 08:16:48 Notice: Notice (8): Use of undefined constant B - assumed 'B' in [/var/www/app/views/jpgraphs/index.ctp, line 41]
2011-09-20 08:18:52 Notice: Notice (8): Use of undefined constant B - assumed 'B' in [/var/www/app/views/jpgraphs/index.ctp, line 42]
2011-09-20 08:18:53 Notice: Notice (8): Use of undefined constant B - assumed 'B' in [/var/www/app/views/jpgraphs/index.ctp, line 42]
2011-09-20 08:20:02 Notice: Notice (8): Use of undefined constant B - assumed 'B' in [/var/www/app/views/jpgraphs/index.ctp, line 42]
2011-09-20 08:20:03 Notice: Notice (8): Use of undefined constant B - assumed 'B' in [/var/www/app/views/jpgraphs/index.ctp, line 42]
2011-09-20 08:20:04 Notice: Notice (8): Use of undefined constant B - assumed 'B' in [/var/www/app/views/jpgraphs/index.ctp, line 42]
2011-09-20 08:20:10 Notice: Notice (8): Use of undefined constant B - assumed 'B' in [/var/www/app/views/jpgraphs/index.ctp, line 42]
2011-09-20 08:20:47 Notice: Notice (8): Use of undefined constant B - assumed 'B' in [/var/www/app/views/jpgraphs/index.ctp, line 42]
2011-09-20 08:22:07 Notice: Notice (8): Use of undefined constant B - assumed 'B' in [/var/www/app/views/jpgraphs/index.ctp, line 42]
2011-09-20 08:22:41 Notice: Notice (8): Use of undefined constant B - assumed 'B' in [/var/www/app/views/jpgraphs/index.ctp, line 38]
2011-09-20 08:22:42 Notice: Notice (8): Use of undefined constant B - assumed 'B' in [/var/www/app/views/jpgraphs/index.ctp, line 38]
2011-09-20 08:23:42 Notice: Notice (8): Use of undefined constant B - assumed 'B' in [/var/www/app/views/jpgraphs/index.ctp, line 38]
2011-09-20 08:23:42 Notice: Notice (8): Undefined variable: lineplot2 in [/var/www/app/views/jpgraphs/index.ctp, line 51]
2011-09-20 08:24:28 Notice: Notice (8): Undefined variable: databarx in [/var/www/app/views/jpgraphs/index.ctp, line 39]
2011-09-20 08:24:28 Notice: Notice (8): Undefined variable: lineplot2 in [/var/www/app/views/jpgraphs/index.ctp, line 65]
2011-09-20 08:24:55 Notice: Notice (8): Undefined variable: databarx in [/var/www/app/views/jpgraphs/index.ctp, line 39]
2011-09-20 08:24:56 Notice: Notice (8): Undefined variable: databarx in [/var/www/app/views/jpgraphs/index.ctp, line 39]
2011-09-20 08:27:21 Notice: Notice (8): Undefined variable: lineplot2 in [/var/www/app/views/jpgraphs/index.ctp, line 25]
2011-09-20 08:28:22 Notice: Notice (8): Undefined variable: lineplot2 in [/var/www/app/views/jpgraphs/index.ctp, line 25]
2011-09-20 08:28:24 Notice: Notice (8): Undefined variable: lineplot2 in [/var/www/app/views/jpgraphs/index.ctp, line 25]
2011-09-20 08:31:44 Notice: Notice (8): Use of undefined constant B - assumed 'B' in [/var/www/app/views/jpgraphs/index.ctp, line 12]
2011-09-20 09:56:58 Notice: Notice (8): Undefined variable: fname in [/var/www/app/views/fpdfs/index.ctp, line 72]
2011-09-20 09:56:58 Notice: Notice (8): Undefined variable: lname in [/var/www/app/views/fpdfs/index.ctp, line 72]
2011-09-20 09:56:58 Notice: Notice (8): Undefined variable: studentid in [/var/www/app/views/fpdfs/index.ctp, line 73]
2011-09-20 09:56:58 Notice: Notice (8): Undefined variable: teacher in [/var/www/app/views/fpdfs/index.ctp, line 75]
2011-09-20 09:56:58 Notice: Notice (8): Undefined variable: grade in [/var/www/app/views/fpdfs/index.ctp, line 76]
2011-09-22 05:30:21 Notice: Notice (1024): Please change the value of 'Security.salt' in app/config/core.php to a salt value specific to your application in [/var/www/cake/libs/debugger.php, line 694]
2011-09-22 05:30:21 Notice: Notice (1024): Please change the value of 'Security.cipherSeed' in app/config/core.php to a numeric (digits only) seed value specific to your application in [/var/www/cake/libs/debugger.php, line 698]
2011-09-22 06:33:22 Notice: Notice (1024): Please change the value of 'Security.salt' in app/config/core.php to a salt value specific to your application in [/var/www/cake/libs/debugger.php, line 694]
2011-09-22 06:33:22 Notice: Notice (1024): Please change the value of 'Security.cipherSeed' in app/config/core.php to a numeric (digits only) seed value specific to your application in [/var/www/cake/libs/debugger.php, line 698]
2011-09-22 06:33:49 Notice: Notice (8): Undefined variable: id in [/var/www/app/controllers/interventions_controller.php, line 71]
2011-09-22 06:33:58 Notice: Notice (8): Undefined variable: id in [/var/www/app/controllers/interventions_controller.php, line 71]
2011-09-22 06:34:38 Notice: Notice (8): Undefined variable: id in [/var/www/app/controllers/interventions_controller.php, line 71]
2011-09-22 06:35:23 Notice: Notice (8): Undefined variable: id in [/var/www/app/controllers/interventions_controller.php, line 71]
2011-09-22 06:36:05 Notice: Notice (8): Undefined variable: id in [/var/www/app/controllers/interventions_controller.php, line 71]
2011-09-22 07:24:02 Notice: Notice (8): session_start() [http://php.net/function.session-start]: ps_files_cleanup_dir: opendir(/var/lib/php5) failed: Permission denied (13) in [/var/www/cake/libs/cake_session.php, line 587]
2011-09-22 07:36:30 Notice: Notice (1024): Please change the value of 'Security.salt' in app/config/core.php to a salt value specific to your application in [/var/www/cake/libs/debugger.php, line 694]
2011-09-22 07:36:30 Notice: Notice (1024): Please change the value of 'Security.cipherSeed' in app/config/core.php to a numeric (digits only) seed value specific to your application in [/var/www/cake/libs/debugger.php, line 698]
2011-09-22 07:47:34 Notice: Notice (8): Undefined variable: intervention in [/var/www/app/views/interventions/print_report.ctp, line 80]
2011-09-22 07:47:42 Notice: Notice (8): Undefined variable: intervention in [/var/www/app/views/interventions/print_report.ctp, line 80]
2011-09-22 07:47:45 Notice: Notice (8): Undefined variable: intervention in [/var/www/app/views/interventions/print_report.ctp, line 80]
2011-09-22 07:47:57 Notice: Notice (8): Undefined variable: intervention in [/var/www/app/views/interventions/print_report.ctp, line 80]
2011-09-22 07:51:03 Notice: Notice (8): Undefined variable: intervention in [/var/www/app/views/interventions/print_report.ctp, line 80]
2011-09-22 07:54:32 Notice: Notice (8): Undefined variable: intervention in [/var/www/app/views/interventions/print_report.ctp, line 80]
2011-09-22 07:55:41 Notice: Notice (8): Undefined variable: intervention in [/var/www/app/views/interventions/print_report.ctp, line 80]
2011-09-22 08:01:09 Notice: Notice (8): Undefined variable: intervention in [/var/www/app/views/interventions/print_report.ctp, line 80]
2011-09-22 08:01:18 Notice: Notice (8): Undefined variable: intervention in [/var/www/app/views/interventions/print_report.ctp, line 80]
2011-09-22 08:04:24 Notice: Notice (8): Undefined variable: intervention in [/var/www/app/views/interventions/print_report.ctp, line 70]
2011-09-22 08:06:44 Notice: Notice (8): Undefined variable: intervention in [/var/www/app/views/interventions/print_report.ctp, line 70]
2011-09-22 08:06:47 Notice: Notice (8): Undefined variable: intervention in [/var/www/app/views/interventions/print_report.ctp, line 70]
2011-09-22 08:07:00 Notice: Notice (8): Undefined variable: intervention in [/var/www/app/views/interventions/print_report.ctp, line 70]
2011-09-22 08:08:37 Notice: Notice (8): Undefined variable: intervention in [/var/www/app/views/interventions/print_report.ctp, line 70]
2011-09-22 08:34:04 Notice: Notice (8): Undefined variable: student in [/var/www/app/views/interventions/print_report.ctp, line 70]
2011-09-22 08:42:48 Notice: Notice (8): Undefined variable: bob in [/var/www/app/views/interventions/print_report.ctp, line 70]
2011-09-22 08:44:51 Notice: Notice (8): Undefined variable: intervention in [/var/www/app/controllers/interventions_controller.php, line 81]
2011-09-22 08:44:54 Notice: Notice (8): Undefined variable: intervention in [/var/www/app/controllers/interventions_controller.php, line 81]
2011-09-22 08:47:14 Notice: Notice (8): Undefined variable: student in [/var/www/app/views/interventions/print_report.ctp, line 70]
2011-09-22 08:47:16 Notice: Notice (8): Undefined variable: student in [/var/www/app/views/interventions/print_report.ctp, line 70]
2011-09-22 08:53:23 Notice: Notice (8): Undefined variable: intervention in [/var/www/app/controllers/interventions_controller.php, line 81]
2011-09-22 08:53:25 Notice: Notice (8): Undefined variable: intervention in [/var/www/app/controllers/interventions_controller.php, line 81]
