2011-08-24 06:24:16 Warning: Warning (512): <span style="color:Red;text-align:left"><b>SQL Error:</b> 1062: Duplicate entry '0' for key 'PRIMARY'</span> in [/var/www/cake/libs/model/datasources/dbo_source.php, line 684]
2011-08-24 06:24:27 Warning: Warning (512): <span style="color:Red;text-align:left"><b>SQL Error:</b> 1062: Duplicate entry '0' for key 'PRIMARY'</span> in [/var/www/cake/libs/model/datasources/dbo_source.php, line 684]
2011-08-24 07:01:14 Warning: Warning (512): <span style="color:Red;text-align:left"><b>SQL Error:</b> 1048: Column 'date' cannot be null</span> in [/var/www/cake/libs/model/datasources/dbo_source.php, line 684]
2011-09-20 08:36:29 Warning: Warning (512): <span style="color:Red;text-align:left"><b>SQL Error:</b> 1062: Duplicate entry '0' for key 'PRIMARY'</span> in [/var/www/cake/libs/model/datasources/dbo_source.php, line 684]
2011-09-20 09:40:22 Warning: Warning (2): require_once(jpg-config.inc.php) [http://php.net/function.require-once]: failed to open stream: No such file or directory in [/var/www/vendors/jpgraph.php, line 11]
2011-09-20 09:40:23 Warning: Warning (2): require_once(jpg-config.inc.php) [http://php.net/function.require-once]: failed to open stream: No such file or directory in [/var/www/vendors/jpgraph.php, line 11]
2011-09-20 09:41:32 Warning: Warning (2): require_once(jpg-config.inc.php) [http://php.net/function.require-once]: failed to open stream: No such file or directory in [/var/www/vendors/jpgraph.php, line 11]
2011-09-20 09:41:49 Warning: Warning (2): require_once(jpg-config.inc.php) [http://php.net/function.require-once]: failed to open stream: No such file or directory in [/var/www/vendors/jpgraph.php, line 11]
2011-09-20 09:45:16 Warning: Warning (2): require_once(jpg-config.inc.php) [http://php.net/function.require-once]: failed to open stream: No such file or directory in [/var/www/vendors/jpgraph.php, line 11]
2011-09-20 09:46:09 Warning: Warning (2): require_once(jpg-config.inc.php) [http://php.net/function.require-once]: failed to open stream: No such file or directory in [/var/www/vendors/jpgraph.php, line 11]
2011-09-20 09:46:11 Warning: Warning (2): require_once(jpg-config.inc.php) [http://php.net/function.require-once]: failed to open stream: No such file or directory in [/var/www/vendors/jpgraph.php, line 11]
2011-09-20 09:46:14 Warning: Warning (2): require_once(jpg-config.inc.php) [http://php.net/function.require-once]: failed to open stream: No such file or directory in [/var/www/vendors/jpgraph.php, line 11]
2011-09-20 09:46:16 Warning: Warning (2): require_once(jpg-config.inc.php) [http://php.net/function.require-once]: failed to open stream: No such file or directory in [/var/www/vendors/jpgraph.php, line 11]
2011-09-20 09:46:17 Warning: Warning (2): require_once(jpgraph_gradient.php) [http://php.net/function.require-once]: failed to open stream: No such file or directory in [/var/www/vendors/jpgraph.php, line 12]
2011-09-20 09:46:18 Warning: Warning (2): require_once(jpgraph_gradient.php) [http://php.net/function.require-once]: failed to open stream: No such file or directory in [/var/www/vendors/jpgraph.php, line 12]
2011-09-20 09:46:18 Warning: Warning (2): require_once(jpgraph_gradient.php) [http://php.net/function.require-once]: failed to open stream: No such file or directory in [/var/www/vendors/jpgraph.php, line 12]
2011-09-20 09:46:20 Warning: Warning (2): require_once(jpgraph_gradient.php) [http://php.net/function.require-once]: failed to open stream: No such file or directory in [/var/www/vendors/jpgraph.php, line 12]
2011-09-20 10:01:45 Warning: Warning (2): fopen(/jpgraphs/) [http://php.net/function.fopen]: failed to open stream: No such file or directory in [/var/www/vendors/fpdf17/fpdf.php, line 1232]
2011-09-20 10:07:29 Warning: Warning (2): fopen(/jpgraphs/jpgraphs.png) [http://php.net/function.fopen]: failed to open stream: No such file or directory in [/var/www/vendors/fpdf17/fpdf.php, line 1232]
2011-09-22 06:37:17 Warning: Warning (512): <span style="color:Red;text-align:left"><b>SQL Error:</b> 1064: You have an error in your SQL syntax; check the manual that corresponds to your MySQL server version for the right syntax to use near 'print_report' at line 1</span> in [/var/www/cake/libs/model/datasources/dbo_source.php, line 684]
2011-09-22 06:46:23 Warning: Warning (512): <span style="color:Red;text-align:left"><b>SQL Error:</b> 1064: You have an error in your SQL syntax; check the manual that corresponds to your MySQL server version for the right syntax to use near 'print_report' at line 1</span> in [/var/www/cake/libs/model/datasources/dbo_source.php, line 684]
2011-09-22 06:55:23 Warning: Warning (512): <span style="color:Red;text-align:left"><b>SQL Error:</b> 1064: You have an error in your SQL syntax; check the manual that corresponds to your MySQL server version for the right syntax to use near 'print_report' at line 1</span> in [/var/www/cake/libs/model/datasources/dbo_source.php, line 684]
2011-09-22 06:58:01 Warning: Warning (512): <span style="color:Red;text-align:left"><b>SQL Error:</b> 1064: You have an error in your SQL syntax; check the manual that corresponds to your MySQL server version for the right syntax to use near 'print_report' at line 1</span> in [/var/www/cake/libs/model/datasources/dbo_source.php, line 684]
2011-09-22 06:58:05 Warning: Warning (512): <span style="color:Red;text-align:left"><b>SQL Error:</b> 1064: You have an error in your SQL syntax; check the manual that corresponds to your MySQL server version for the right syntax to use near 'print_report' at line 1</span> in [/var/www/cake/libs/model/datasources/dbo_source.php, line 684]
2011-09-22 06:59:27 Warning: Warning (512): <span style="color:Red;text-align:left"><b>SQL Error:</b> 1064: You have an error in your SQL syntax; check the manual that corresponds to your MySQL server version for the right syntax to use near 'print_report' at line 1</span> in [/var/www/cake/libs/model/datasources/dbo_source.php, line 684]
2011-09-22 07:03:42 Warning: Warning (512): <span style="color:Red;text-align:left"><b>SQL Error:</b> 1064: You have an error in your SQL syntax; check the manual that corresponds to your MySQL server version for the right syntax to use near 'print_report' at line 1</span> in [/var/www/cake/libs/model/datasources/dbo_source.php, line 684]
2011-09-22 07:04:44 Warning: Warning (512): <span style="color:Red;text-align:left"><b>SQL Error:</b> 1064: You have an error in your SQL syntax; check the manual that corresponds to your MySQL server version for the right syntax to use near 'print_report' at line 1</span> in [/var/www/cake/libs/model/datasources/dbo_source.php, line 684]
2011-09-22 07:04:46 Warning: Warning (512): <span style="color:Red;text-align:left"><b>SQL Error:</b> 1064: You have an error in your SQL syntax; check the manual that corresponds to your MySQL server version for the right syntax to use near 'print_report' at line 1</span> in [/var/www/cake/libs/model/datasources/dbo_source.php, line 684]
2011-09-22 07:04:47 Warning: Warning (512): <span style="color:Red;text-align:left"><b>SQL Error:</b> 1064: You have an error in your SQL syntax; check the manual that corresponds to your MySQL server version for the right syntax to use near 'print_report' at line 1</span> in [/var/www/cake/libs/model/datasources/dbo_source.php, line 684]
2011-09-22 07:04:56 Warning: Warning (512): <span style="color:Red;text-align:left"><b>SQL Error:</b> 1064: You have an error in your SQL syntax; check the manual that corresponds to your MySQL server version for the right syntax to use near 'print_report' at line 1</span> in [/var/www/cake/libs/model/datasources/dbo_source.php, line 684]
2011-09-22 07:05:10 Warning: Warning (512): <span style="color:Red;text-align:left"><b>SQL Error:</b> 1064: You have an error in your SQL syntax; check the manual that corresponds to your MySQL server version for the right syntax to use near 'print_report' at line 1</span> in [/var/www/cake/libs/model/datasources/dbo_source.php, line 684]
2011-09-22 07:07:11 Warning: Warning (512): <span style="color:Red;text-align:left"><b>SQL Error:</b> 1064: You have an error in your SQL syntax; check the manual that corresponds to your MySQL server version for the right syntax to use near 'print_report' at line 1</span> in [/var/www/cake/libs/model/datasources/dbo_source.php, line 684]
2011-09-22 07:07:12 Warning: Warning (512): <span style="color:Red;text-align:left"><b>SQL Error:</b> 1064: You have an error in your SQL syntax; check the manual that corresponds to your MySQL server version for the right syntax to use near 'print_report' at line 1</span> in [/var/www/cake/libs/model/datasources/dbo_source.php, line 684]
2011-09-22 07:07:40 Warning: Warning (512): <span style="color:Red;text-align:left"><b>SQL Error:</b> 1064: You have an error in your SQL syntax; check the manual that corresponds to your MySQL server version for the right syntax to use near 'print_report' at line 1</span> in [/var/www/cake/libs/model/datasources/dbo_source.php, line 684]
2011-09-22 07:19:57 Warning: Warning (2): getimagesize(img/spmlogo.jpg) [http://php.net/function.getimagesize]: failed to open stream: No such file or directory in [/var/www/vendors/fpdf17/fpdf.php, line 1213]
2011-09-22 07:20:22 Warning: Warning (2): getimagesize(/img/spmlogo.jpg) [http://php.net/function.getimagesize]: failed to open stream: No such file or directory in [/var/www/vendors/fpdf17/fpdf.php, line 1213]
2011-09-22 07:23:21 Warning: Warning (2): fopen(//img/spmlogo.png) [http://php.net/function.fopen]: failed to open stream: No such file or directory in [/var/www/vendors/fpdf17/fpdf.php, line 1232]
2011-09-22 07:23:43 Warning: Warning (2): fopen(/img/spmlogo.png) [http://php.net/function.fopen]: failed to open stream: No such file or directory in [/var/www/vendors/fpdf17/fpdf.php, line 1232]
2011-09-22 07:24:02 Warning: Warning (2): fopen(/img/spmlogo.png) [http://php.net/function.fopen]: failed to open stream: No such file or directory in [/var/www/vendors/fpdf17/fpdf.php, line 1232]
2011-09-22 07:26:13 Warning: Warning (2): fopen(//img/spmlogo.png) [http://php.net/function.fopen]: failed to open stream: No such file or directory in [/var/www/vendors/fpdf17/fpdf.php, line 1232]
2011-09-22 07:26:15 Warning: Warning (2): fopen(//img/spmlogo.png) [http://php.net/function.fopen]: failed to open stream: No such file or directory in [/var/www/vendors/fpdf17/fpdf.php, line 1232]
2011-09-22 07:26:29 Warning: Warning (2): fopen(/img/spmlogo.png) [http://php.net/function.fopen]: failed to open stream: No such file or directory in [/var/www/vendors/fpdf17/fpdf.php, line 1232]
2011-09-22 07:28:10 Warning: Warning (2): fopen(/img/spmlogo.png) [http://php.net/function.fopen]: failed to open stream: No such file or directory in [/var/www/vendors/fpdf17/fpdf.php, line 1232]
2011-09-22 07:28:11 Warning: Warning (2): fopen(/img/spmlogo.png) [http://php.net/function.fopen]: failed to open stream: No such file or directory in [/var/www/vendors/fpdf17/fpdf.php, line 1232]
2011-09-22 07:28:22 Warning: Warning (2): fopen(../img/spmlogo.png) [http://php.net/function.fopen]: failed to open stream: No such file or directory in [/var/www/vendors/fpdf17/fpdf.php, line 1232]
2011-09-22 07:28:23 Warning: Warning (2): fopen(../img/spmlogo.png) [http://php.net/function.fopen]: failed to open stream: No such file or directory in [/var/www/vendors/fpdf17/fpdf.php, line 1232]
2011-09-22 07:28:33 Warning: Warning (2): fopen(/img/spmlogo.png) [http://php.net/function.fopen]: failed to open stream: No such file or directory in [/var/www/vendors/fpdf17/fpdf.php, line 1232]
2011-09-22 07:28:34 Warning: Warning (2): fopen(/img/spmlogo.png) [http://php.net/function.fopen]: failed to open stream: No such file or directory in [/var/www/vendors/fpdf17/fpdf.php, line 1232]
2011-09-22 07:29:07 Warning: Warning (2): fopen(/spmlogo.png) [http://php.net/function.fopen]: failed to open stream: No such file or directory in [/var/www/vendors/fpdf17/fpdf.php, line 1232]
2011-09-22 07:29:08 Warning: Warning (2): fopen(/spmlogo.png) [http://php.net/function.fopen]: failed to open stream: No such file or directory in [/var/www/vendors/fpdf17/fpdf.php, line 1232]
2011-09-22 07:29:09 Warning: Warning (2): fopen(/spmlogo.png) [http://php.net/function.fopen]: failed to open stream: No such file or directory in [/var/www/vendors/fpdf17/fpdf.php, line 1232]
2011-09-22 07:29:39 Warning: Warning (2): fopen(/spmlogo.png) [http://php.net/function.fopen]: failed to open stream: No such file or directory in [/var/www/vendors/fpdf17/fpdf.php, line 1232]
2011-09-22 07:29:40 Warning: Warning (2): fopen(/spmlogo.png) [http://php.net/function.fopen]: failed to open stream: No such file or directory in [/var/www/vendors/fpdf17/fpdf.php, line 1232]
2011-09-22 07:31:00 Warning: Warning (2): getimagesize(/img/spmlogo.jpg) [http://php.net/function.getimagesize]: failed to open stream: No such file or directory in [/var/www/vendors/fpdf17/fpdf.php, line 1213]
2011-09-22 07:31:02 Warning: Warning (2): getimagesize(/img/spmlogo.jpg) [http://php.net/function.getimagesize]: failed to open stream: No such file or directory in [/var/www/vendors/fpdf17/fpdf.php, line 1213]
2011-09-22 07:31:08 Warning: Warning (2): getimagesize(/img/spmlogo.jpg) [http://php.net/function.getimagesize]: failed to open stream: No such file or directory in [/var/www/vendors/fpdf17/fpdf.php, line 1213]
2011-09-22 07:34:11 Warning: Warning (2): getimagesize(/img/spmlogo.jpg) [http://php.net/function.getimagesize]: failed to open stream: No such file or directory in [/var/www/vendors/fpdf17/fpdf.php, line 1213]
2011-09-22 07:34:12 Warning: Warning (2): getimagesize(/img/spmlogo.jpg) [http://php.net/function.getimagesize]: failed to open stream: No such file or directory in [/var/www/vendors/fpdf17/fpdf.php, line 1213]
2011-09-22 07:34:13 Warning: Warning (2): getimagesize(/img/spmlogo.jpg) [http://php.net/function.getimagesize]: failed to open stream: No such file or directory in [/var/www/vendors/fpdf17/fpdf.php, line 1213]
2011-09-22 07:36:01 Warning: Warning (2): fopen(/img/spmlogo.png) [http://php.net/function.fopen]: failed to open stream: No such file or directory in [/var/www/vendors/fpdf17/fpdf.php, line 1232]
2011-09-22 07:39:37 Warning: Warning (2): fopen(/img/spmlogo.png) [http://php.net/function.fopen]: failed to open stream: No such file or directory in [/var/www/vendors/fpdf17/fpdf.php, line 1232]
2011-09-22 07:39:38 Warning: Warning (2): fopen(/img/spmlogo.png) [http://php.net/function.fopen]: failed to open stream: No such file or directory in [/var/www/vendors/fpdf17/fpdf.php, line 1232]
2011-09-22 07:39:39 Warning: Warning (2): fopen(/img/spmlogo.png) [http://php.net/function.fopen]: failed to open stream: No such file or directory in [/var/www/vendors/fpdf17/fpdf.php, line 1232]
2011-09-22 07:39:40 Warning: Warning (2): fopen(/img/spmlogo.png) [http://php.net/function.fopen]: failed to open stream: No such file or directory in [/var/www/vendors/fpdf17/fpdf.php, line 1232]
2011-09-22 07:39:41 Warning: Warning (2): fopen(/img/spmlogo.png) [http://php.net/function.fopen]: failed to open stream: No such file or directory in [/var/www/vendors/fpdf17/fpdf.php, line 1232]
2011-09-22 07:39:48 Warning: Warning (2): fopen(/img/spmlogo.png) [http://php.net/function.fopen]: failed to open stream: No such file or directory in [/var/www/vendors/fpdf17/fpdf.php, line 1232]
2011-09-22 07:39:54 Warning: Warning (2): fopen(/img/spmlogo.png) [http://php.net/function.fopen]: failed to open stream: No such file or directory in [/var/www/vendors/fpdf17/fpdf.php, line 1232]
